<?xml version="1.0" encoding="UTF-8"?>
<testsuite name="CellParser" tests="5" skipped="1" failures="0" errors="0" timestamp="2025-01-28T18:43:55" hostname="LAPTOP-8C6TBLN5" time="0.018">
  <properties/>
  <testcase name="cellHasBody()" classname="CellParser" time="0.001">
    <skipped/>
  </testcase>
  <testcase name="cellHasFood()" classname="CellParser" time="0.013"/>
  <testcase name="cellHasWall()" classname="CellParser" time="0.001"/>
  <testcase name="cellHasBlank()" classname="CellParser" time="0.0"/>
  <testcase name="cellHasSnake()" classname="CellParser" time="0.0"/>
  <system-out><![CDATA[]]></system-out>
  <system-err><![CDATA[]]></system-err>
</testsuite>
